2019-09-15 10:35:04 [scrapy.utils.log] INFO: Scrapy 1.7.3 started (bot: scrapy_app)
2019-09-15 10:35:04 [scrapy.utils.log] INFO: Versions: lxml 4.4.1.0, libxml2 2.9.9, cssselect 1.1.0, parsel 1.5.2, w3lib 1.21.0, Twisted 19.7.0, Python 3.6.8 (default, Aug 20 2019, 17:12:48) - [GCC 8.3.0], pyOpenSSL 19.0.0 (OpenSSL 1.1.1c  28 May 2019), cryptography 2.7, Platform Linux-5.0.0-27-generic-x86_64-with-Ubuntu-18.04-bionic
2019-09-15 10:35:04 [scrapy.crawler] INFO: Overridden settings: {'BOT_NAME': 'scrapy_app', 'LOG_FILE': 'logs/default/icrawler/78b05ba0d7a411e9a8ab4cedfb9789b3.log', 'NEWSPIDER_MODULE': 'scrapy_app.spiders', 'SPIDER_MODULES': ['scrapy_app.spiders'], 'USER_AGENT': 'Mozilla/5.0 (Windows NT 6.1; rv:40.0) Gecko/20100101 Firefox/40.0'}
2019-09-15 10:35:04 [scrapy.extensions.telnet] INFO: Telnet Password: 724d7b8894a6dfee
2019-09-15 10:35:04 [scrapy.middleware] INFO: Enabled extensions:
['scrapy.extensions.corestats.CoreStats',
 'scrapy.extensions.telnet.TelnetConsole',
 'scrapy.extensions.memusage.MemoryUsage',
 'scrapy.extensions.logstats.LogStats']
2019-09-15 10:35:04 [scrapy.middleware] INFO: Enabled downloader middlewares:
['scrapy.downloadermiddlewares.httpauth.HttpAuthMiddleware',
 'scrapy.downloadermiddlewares.downloadtimeout.DownloadTimeoutMiddleware',
 'scrapy.downloadermiddlewares.defaultheaders.DefaultHeadersMiddleware',
 'scrapy.downloadermiddlewares.useragent.UserAgentMiddleware',
 'scrapy.downloadermiddlewares.retry.RetryMiddleware',
 'scrapy.downloadermiddlewares.redirect.MetaRefreshMiddleware',
 'scrapy.downloadermiddlewares.httpcompression.HttpCompressionMiddleware',
 'scrapy.downloadermiddlewares.redirect.RedirectMiddleware',
 'scrapy.downloadermiddlewares.cookies.CookiesMiddleware',
 'scrapy.downloadermiddlewares.httpproxy.HttpProxyMiddleware',
 'scrapy.downloadermiddlewares.stats.DownloaderStats']
2019-09-15 10:35:04 [scrapy.middleware] INFO: Enabled spider middlewares:
['scrapy.spidermiddlewares.httperror.HttpErrorMiddleware',
 'scrapy.spidermiddlewares.offsite.OffsiteMiddleware',
 'scrapy.spidermiddlewares.referer.RefererMiddleware',
 'scrapy.spidermiddlewares.urllength.UrlLengthMiddleware',
 'scrapy.spidermiddlewares.depth.DepthMiddleware']
2019-09-15 10:35:04 [scrapy.middleware] INFO: Enabled item pipelines:
[]
2019-09-15 10:35:04 [scrapy.core.engine] INFO: Spider opened
2019-09-15 10:35:04 [scrapy.extensions.logstats] INFO: Crawled 0 pages (at 0 pages/min), scraped 0 items (at 0 items/min)
2019-09-15 10:35:04 [scrapy.extensions.telnet] INFO: Telnet console listening on 127.0.0.1:6023
2019-09-15 10:35:04 [scrapy.core.engine] DEBUG: Crawled (200) <GET https://image.baidu.com/search/acjson?tn=resultjson_com&ipn=rj&ct=201326592&is=&fp=result&queryWord=%E6%9D%A8%E5%B9%82&cl=2&lm=-1&ie=utf-8&oe=utf-8&adpicid=&st=-1&z=&ic=0&word=%E6%9D%A8%E5%B9%82&s=&se=&tab=&width=&height=&face=0&istype=2&qc=&nc=1&fr=&cg=girl&pn=0> (referer: None)
2019-09-15 10:35:04 [scrapy.core.engine] DEBUG: Crawled (200) <GET https://image.baidu.com/search/acjson?tn=resultjson_com&ipn=rj&ct=201326592&is=&fp=result&queryWord=%E6%9D%A8%E5%B9%82&cl=2&lm=-1&ie=utf-8&oe=utf-8&adpicid=&st=-1&z=&ic=0&word=%E6%9D%A8%E5%B9%82&s=&se=&tab=&width=&height=&face=0&istype=2&qc=&nc=1&fr=&cg=girl&pn=30> (referer: None)
2019-09-15 10:35:04 [scrapy.core.scraper] ERROR: Spider error processing <GET https://image.baidu.com/search/acjson?tn=resultjson_com&ipn=rj&ct=201326592&is=&fp=result&queryWord=%E6%9D%A8%E5%B9%82&cl=2&lm=-1&ie=utf-8&oe=utf-8&adpicid=&st=-1&z=&ic=0&word=%E6%9D%A8%E5%B9%82&s=&se=&tab=&width=&height=&face=0&istype=2&qc=&nc=1&fr=&cg=girl&pn=0> (referer: None)
Traceback (most recent call last):
  File "/home/eryuan/.local/lib/python3.6/site-packages/twisted/internet/defer.py", line 654, in _runCallbacks
    current.result = callback(current.result, *args, **kw)
  File "/home/eryuan/PycharmProjects/TestBaiduImg/scrapy_app/scrapy_app/spiders/icrawler.py", line 28, in parse
    self.f.write(img['middleURL']+'\n')
KeyError: 'middleURL'
2019-09-15 10:35:04 [scrapy.core.scraper] ERROR: Spider error processing <GET https://image.baidu.com/search/acjson?tn=resultjson_com&ipn=rj&ct=201326592&is=&fp=result&queryWord=%E6%9D%A8%E5%B9%82&cl=2&lm=-1&ie=utf-8&oe=utf-8&adpicid=&st=-1&z=&ic=0&word=%E6%9D%A8%E5%B9%82&s=&se=&tab=&width=&height=&face=0&istype=2&qc=&nc=1&fr=&cg=girl&pn=30> (referer: None)
Traceback (most recent call last):
  File "/home/eryuan/.local/lib/python3.6/site-packages/twisted/internet/defer.py", line 654, in _runCallbacks
    current.result = callback(current.result, *args, **kw)
  File "/home/eryuan/PycharmProjects/TestBaiduImg/scrapy_app/scrapy_app/spiders/icrawler.py", line 28, in parse
    self.f.write(img['middleURL']+'\n')
KeyError: 'middleURL'
2019-09-15 10:35:04 [scrapy.core.engine] INFO: Closing spider (finished)
2019-09-15 10:35:04 [scrapy.statscollectors] INFO: Dumping Scrapy stats:
{'downloader/request_bytes': 969,
 'downloader/request_count': 2,
 'downloader/request_method_count/GET': 2,
 'downloader/response_bytes': 24662,
 'downloader/response_count': 2,
 'downloader/response_status_count/200': 2,
 'elapsed_time_seconds': 0.35663,
 'finish_reason': 'finished',
 'finish_time': datetime.datetime(2019, 9, 15, 10, 35, 4, 748983),
 'log_count/DEBUG': 2,
 'log_count/ERROR': 2,
 'log_count/INFO': 10,
 'memusage/max': 68657152,
 'memusage/startup': 68657152,
 'response_received_count': 2,
 'scheduler/dequeued': 2,
 'scheduler/dequeued/memory': 2,
 'scheduler/enqueued': 2,
 'scheduler/enqueued/memory': 2,
 'spider_exceptions/KeyError': 2,
 'start_time': datetime.datetime(2019, 9, 15, 10, 35, 4, 392353)}
2019-09-15 10:35:04 [scrapy.core.engine] INFO: Spider closed (finished)
